<?xml version="1.0" encoding="UTF-8"?>
<testng-results total="2" passed="2" failed="0" skipped="0">
  <reporter-output>
  </reporter-output>
  <suite started-at="2021-05-18T13:23:02Z" name="VBDumplings_Test" finished-at="2021-05-18T13:23:23Z" duration-ms="20741">
    <groups>
    </groups>
    <test started-at="2021-05-18T13:23:02Z" name="ChromeTest" finished-at="2021-05-18T13:23:23Z" duration-ms="20741">
      <class name="vbDumplingTestRunners.testTestimonialsPage">
        <test-method is-config="true" signature="initDriver(java.lang.String, java.lang.String)[pri:0, instance:vbDumplingTestRunners.testTestimonialsPage@3fc79729]" started-at="2021-05-18T18:53:02Z" name="initDriver" finished-at="2021-05-18T18:53:22Z" duration-ms="19819" status="PASS">
          <params>
            <param index="0">
              <value>
                <![CDATA[chrome]]>
              </value>
            </param>
            <param index="1">
              <value>
                <![CDATA[https://vbdumplings.in/]]>
              </value>
            </param>
          </params>
          <reporter-output>
          </reporter-output>
        </test-method> <!-- initDriver -->
        <test-method signature="checkLHSHeaderText()[pri:0, instance:vbDumplingTestRunners.testTestimonialsPage@3fc79729]" started-at="2021-05-18T18:53:22Z" name="checkLHSHeaderText" finished-at="2021-05-18T18:53:22Z" duration-ms="121" status="PASS">
          <reporter-output>
          </reporter-output>
        </test-method> <!-- checkLHSHeaderText -->
        <test-method signature="checkCommentsTitle()[pri:0, instance:vbDumplingTestRunners.testTestimonialsPage@3fc79729]" started-at="2021-05-18T18:53:22Z" name="checkCommentsTitle" finished-at="2021-05-18T18:53:23Z" duration-ms="128" status="PASS">
          <reporter-output>
          </reporter-output>
        </test-method> <!-- checkCommentsTitle -->
        <test-method is-config="true" signature="testClose()[pri:0, instance:vbDumplingTestRunners.testTestimonialsPage@3fc79729]" started-at="2021-05-18T18:53:23Z" name="testClose" finished-at="2021-05-18T18:53:23Z" duration-ms="654" status="PASS">
          <reporter-output>
          </reporter-output>
        </test-method> <!-- testClose -->
      </class> <!-- vbDumplingTestRunners.testTestimonialsPage -->
    </test> <!-- ChromeTest -->
  </suite> <!-- VBDumplings_Test -->
</testng-results>
