<?xml version="1.0" encoding="UTF-8"?>
<testng-results total="2" passed="2" failed="0" skipped="0">
  <reporter-output>
  </reporter-output>
  <suite started-at="2021-04-17T07:02:59Z" name="SampleGoogleTestSuite" finished-at="2021-04-17T07:03:48Z" duration-ms="48842">
    <groups>
    </groups>
    <test started-at="2021-04-17T07:02:59Z" name="FirefoxTest" finished-at="2021-04-17T07:03:17Z" duration-ms="18162">
      <class name="VBDumplings.SampleTestNG">
        <test-method is-config="true" signature="beforeTest(java.lang.String)[pri:0, instance:VBDumplings.SampleTestNG@78a773fd]" started-at="2021-04-17T12:32:59Z" name="beforeTest" finished-at="2021-04-17T12:32:59Z" duration-ms="11" status="PASS">
          <params>
            <param index="0">
              <value>
                <![CDATA[firefox]]>
              </value>
            </param>
          </params>
          <reporter-output>
          </reporter-output>
        </test-method> <!-- beforeTest -->
        <test-method signature="testMethod(java.lang.String)[pri:0, instance:VBDumplings.SampleTestNG@78a773fd]" started-at="2021-04-17T12:32:59Z" name="testMethod" finished-at="2021-04-17T12:33:13Z" duration-ms="14394" status="PASS">
          <params>
            <param index="0">
              <value>
                <![CDATA[firefox]]>
              </value>
            </param>
          </params>
          <reporter-output>
          </reporter-output>
        </test-method> <!-- testMethod -->
        <test-method is-config="true" signature="afterTest(java.lang.String)[pri:0, instance:VBDumplings.SampleTestNG@78a773fd]" started-at="2021-04-17T12:33:13Z" name="afterTest" finished-at="2021-04-17T12:33:17Z" duration-ms="3745" status="PASS">
          <params>
            <param index="0">
              <value>
                <![CDATA[firefox]]>
              </value>
            </param>
          </params>
          <reporter-output>
          </reporter-output>
        </test-method> <!-- afterTest -->
      </class> <!-- VBDumplings.SampleTestNG -->
    </test> <!-- FirefoxTest -->
    <test started-at="2021-04-17T07:03:17Z" name="ChromeTest" finished-at="2021-04-17T07:03:48Z" duration-ms="30666">
      <class name="VBDumplings.SampleTestNG">
        <test-method is-config="true" signature="beforeTest(java.lang.String)[pri:0, instance:VBDumplings.SampleTestNG@7d3d101b]" started-at="2021-04-17T12:33:17Z" name="beforeTest" finished-at="2021-04-17T12:33:17Z" duration-ms="1" status="PASS">
          <params>
            <param index="0">
              <value>
                <![CDATA[chrome]]>
              </value>
            </param>
          </params>
          <reporter-output>
          </reporter-output>
        </test-method> <!-- beforeTest -->
        <test-method signature="testMethod(java.lang.String)[pri:0, instance:VBDumplings.SampleTestNG@7d3d101b]" started-at="2021-04-17T12:33:17Z" name="testMethod" finished-at="2021-04-17T12:33:47Z" duration-ms="29973" status="PASS">
          <params>
            <param index="0">
              <value>
                <![CDATA[chrome]]>
              </value>
            </param>
          </params>
          <reporter-output>
          </reporter-output>
        </test-method> <!-- testMethod -->
        <test-method is-config="true" signature="afterTest(java.lang.String)[pri:0, instance:VBDumplings.SampleTestNG@7d3d101b]" started-at="2021-04-17T12:33:47Z" name="afterTest" finished-at="2021-04-17T12:33:48Z" duration-ms="691" status="PASS">
          <params>
            <param index="0">
              <value>
                <![CDATA[chrome]]>
              </value>
            </param>
          </params>
          <reporter-output>
          </reporter-output>
        </test-method> <!-- afterTest -->
      </class> <!-- VBDumplings.SampleTestNG -->
    </test> <!-- ChromeTest -->
  </suite> <!-- SampleGoogleTestSuite -->
</testng-results>
