<?xml version="1.0" encoding="UTF-8"?>
<!-- Generated by org.testng.reporters.JUnitXMLReporter -->
<testsuite hostname="RAHUL-LAPTOP" failures="0" tests="14" name="ChromeTest" time="147.148" errors="0" timestamp="12 May 2021 10:23:26 GMT">
  <testcase classname="vbDumplingTestRunners.testHomePage" name="checkTitleText" time="0.036"/>
  <testcase classname="vbDumplingTestRunners.testHomePage" name="checkDescriptionText" time="0.037"/>
  <testcase classname="vbDumplingTestRunners.testHomePage" name="checkHomePageLink" time="0.717"/>
  <testcase classname="vbDumplingTestRunners.testHomePage" name="checkMenuHomeLink" time="0.538"/>
  <testcase classname="vbDumplingTestRunners.testHomePage" name="checkMenuMenuLink" time="2.262"/>
  <testcase classname="vbDumplingTestRunners.testHomePage" name="checkMenuFAQLink" time="1.207"/>
  <testcase classname="vbDumplingTestRunners.testHomePage" name="checkMenuTestimonialsLink" time="2.337"/>
  <testcase classname="vbDumplingTestRunners.testHomePage" name="checkMenuAboutLink" time="2.191"/>
  <testcase classname="vbDumplingTestRunners.testHomePage" name="checkLHSHeaderText" time="1.497"/>
  <testcase classname="vbDumplingTestRunners.testHomePage" name="checkMenuOrderLink" time="4.87"/>
  <testcase classname="vbDumplingTestRunners.testHomePage" name="checkBodyOrderNowLink" time="5.618"/>
  <testcase classname="vbDumplingTestRunners.testMenuPage" name="checkLHSHeaderText" time="0.043"/>
  <testcase classname="vbDumplingTestRunners.testMenuPage" name="checkMenuCategoryOneText" time="0.032"/>
  <testcase classname="vbDumplingTestRunners.testMenuPage" name="checkMenuCategoryTwoText" time="0.029"/>
</testsuite> <!-- ChromeTest -->
