<?xml version="1.0" encoding="UTF-8"?>
<!-- Generated by org.testng.reporters.JUnitXMLReporter -->
<testsuite hostname="RAHUL-LAPTOP" failures="0" tests="34" name="EdgeTest" time="198.731" errors="0" timestamp="20 May 2021 14:00:53 GMT">
  <testcase classname="vbDumplingTestRunners.testHomePage" name="checkTitleText" time="0.102"/>
  <testcase classname="vbDumplingTestRunners.testHomePage" name="checkDescriptionText" time="0.084"/>
  <testcase classname="vbDumplingTestRunners.testHomePage" name="checkHomePageLink" time="2.086"/>
  <testcase classname="vbDumplingTestRunners.testHomePage" name="checkLHSHeaderText" time="2.153"/>
  <testcase classname="vbDumplingTestRunners.testHomePage" name="checkMenuHomeLink" time="1.383"/>
  <testcase classname="vbDumplingTestRunners.testHomePage" name="checkMenuMenuLink" time="2.331"/>
  <testcase classname="vbDumplingTestRunners.testHomePage" name="checkMenuFAQLink" time="1.61"/>
  <testcase classname="vbDumplingTestRunners.testHomePage" name="checkMenuTestimonialsLink" time="2.197"/>
  <testcase classname="vbDumplingTestRunners.testHomePage" name="checkMenuOrderLink" time="20.114"/>
  <testcase classname="vbDumplingTestRunners.testHomePage" name="checkMenuAboutLink" time="1.97"/>
  <testcase classname="vbDumplingTestRunners.testHomePage" name="checkBodyOrderNowLink" time="4.004"/>
  <testcase classname="vbDumplingTestRunners.testMenuPage" name="checkLHSHeaderText" time="0.087"/>
  <testcase classname="vbDumplingTestRunners.testMenuPage" name="checkMenuCategoryOneText" time="0.071"/>
  <testcase classname="vbDumplingTestRunners.testMenuPage" name="checkMenuCategoryTwoText" time="0.088"/>
  <testcase classname="vbDumplingTestRunners.testMenuPage" name="checkMenuItemNames" time="0.34"/>
  <testcase classname="vbDumplingTestRunners.testMenuPage" name="checkMenuItemPrices" time="0.356"/>
  <testcase classname="vbDumplingTestRunners.testFaqPage" name="checkFaqPageLHSHeaderText" time="0.072"/>
  <testcase classname="vbDumplingTestRunners.testFaqPage" name="checkFaqPageContentHeaderText" time="0.076"/>
  <testcase classname="vbDumplingTestRunners.testFaqPage" name="checkFaqPageQuestions" time="0.352"/>
  <testcase classname="vbDumplingTestRunners.testFaqPage" name="clickAllFaqPageQuestionsExpand" time="1.519"/>
  <testcase classname="vbDumplingTestRunners.testFaqPage" name="checkOrderFormLink" time="3.486"/>
  <testcase classname="vbDumplingTestRunners.testFaqPage" name="clickAllFaqPageQuestionsCollapse" time="1.947"/>
  <testcase classname="vbDumplingTestRunners.testTestimonialsPage" name="checkLHSHeaderText" time="0.058"/>
  <testcase classname="vbDumplingTestRunners.testTestimonialsPage" name="checkCommentsTitle" time="0.079"/>
  <testcase classname="vbDumplingTestRunners.testTestimonialsPage" name="checkNewCommentErrorAllEmpty" time="1.076"/>
  <testcase classname="vbDumplingTestRunners.testTestimonialsPage" name="checkNewCommentErrorEmailEmpty" time="0.822"/>
  <testcase classname="vbDumplingTestRunners.testTestimonialsPage" name="checkNewCommentErrorAuthorEmpty" time="1.323"/>
  <testcase classname="vbDumplingTestRunners.testTestimonialsPage" name="checkNewCommentSuccessNoNotificationsSelected" time="11.218"/>
  <testcase classname="vbDumplingTestRunners.testTestimonialsPage" name="checkNewCommentErrorDuplicateComment" time="5.986"/>
  <testcase classname="vbDumplingTestRunners.testTestimonialsPage" name="checkNewCommentSuccessSubscribeCommentsSelected" time="37.337"/>
  <testcase classname="vbDumplingTestRunners.testTestimonialsPage" name="checkNewCommentSuccessSubscribePostsSelected" time="12.417"/>
  <testcase classname="vbDumplingTestRunners.testTestimonialsPage" name="checkNewCommentFacebookLink" time="0.0"/>
  <testcase classname="vbDumplingTestRunners.testTestimonialsPage" name="checkNewCommentTwitterLink" time="0.0"/>
  <testcase classname="vbDumplingTestRunners.testTestimonialsPage" name="checkNewCommentWordpressLink" time="0.0"/>
</testsuite> <!-- EdgeTest -->
