<?xml version="1.0" encoding="UTF-8"?>
<!-- Generated by org.testng.reporters.JUnitXMLReporter -->
<testsuite hostname="RAHUL-LAPTOP" failures="0" tests="22" name="FirefoxTest" time="99.338" errors="0" timestamp="14 May 2021 09:17:25 GMT">
  <testcase classname="vbDumplingTestRunners.testHomePage" name="checkTitleText" time="0.343"/>
  <testcase classname="vbDumplingTestRunners.testHomePage" name="checkDescriptionText" time="0.029"/>
  <testcase classname="vbDumplingTestRunners.testHomePage" name="checkHomePageLink" time="1.058"/>
  <testcase classname="vbDumplingTestRunners.testHomePage" name="checkMenuHomeLink" time="0.643"/>
  <testcase classname="vbDumplingTestRunners.testHomePage" name="checkMenuMenuLink" time="1.83"/>
  <testcase classname="vbDumplingTestRunners.testHomePage" name="checkMenuFAQLink" time="1.514"/>
  <testcase classname="vbDumplingTestRunners.testHomePage" name="checkMenuTestimonialsLink" time="1.958"/>
  <testcase classname="vbDumplingTestRunners.testHomePage" name="checkMenuAboutLink" time="1.344"/>
  <testcase classname="vbDumplingTestRunners.testHomePage" name="checkLHSHeaderText" time="0.65"/>
  <testcase classname="vbDumplingTestRunners.testHomePage" name="checkMenuOrderLink" time="4.559"/>
  <testcase classname="vbDumplingTestRunners.testHomePage" name="checkBodyOrderNowLink" time="2.533"/>
  <testcase classname="vbDumplingTestRunners.testMenuPage" name="checkLHSHeaderText" time="0.032"/>
  <testcase classname="vbDumplingTestRunners.testMenuPage" name="checkMenuCategoryOneText" time="0.017"/>
  <testcase classname="vbDumplingTestRunners.testMenuPage" name="checkMenuCategoryTwoText" time="0.029"/>
  <testcase classname="vbDumplingTestRunners.testMenuPage" name="checkMenuItemNames" time="0.068"/>
  <testcase classname="vbDumplingTestRunners.testMenuPage" name="checkMenuItemPrices" time="0.085"/>
  <testcase classname="vbDumplingTestRunners.testFaqPage" name="checkFaqPageLHSHeaderText" time="0.037"/>
  <testcase classname="vbDumplingTestRunners.testFaqPage" name="checkFaqPageContentHeaderText" time="0.019"/>
  <testcase classname="vbDumplingTestRunners.testFaqPage" name="checkFaqPageQuestions" time="0.089"/>
  <testcase classname="vbDumplingTestRunners.testFaqPage" name="clickAllFaqPageQuestionsExpand" time="2.889"/>
  <testcase classname="vbDumplingTestRunners.testFaqPage" name="checkOrderFormLink" time="2.96"/>
  <testcase classname="vbDumplingTestRunners.testFaqPage" name="clickAllFaqPageQuestionsCollapse" time="3.251"/>
</testsuite> <!-- FirefoxTest -->
