<?xml version="1.0" encoding="UTF-8"?>
<!-- Generated by org.testng.reporters.JUnitXMLReporter -->
<testsuite hostname="RAHUL-LAPTOP" failures="0" tests="11" name="HomePageTest_Chrome" time="62.899" errors="0" timestamp="12 May 2021 10:01:27 GMT">
  <testcase classname="vbDumplingTestRunners.testHomePage" name="checkTitleText" time="0.033"/>
  <testcase classname="vbDumplingTestRunners.testHomePage" name="checkDescriptionText" time="0.026"/>
  <testcase classname="vbDumplingTestRunners.testHomePage" name="checkHomePageLink" time="0.831"/>
  <testcase classname="vbDumplingTestRunners.testHomePage" name="checkMenuHomeLink" time="3.435"/>
  <testcase classname="vbDumplingTestRunners.testHomePage" name="checkMenuMenuLink" time="4.71"/>
  <testcase classname="vbDumplingTestRunners.testHomePage" name="checkMenuFAQLink" time="1.347"/>
  <testcase classname="vbDumplingTestRunners.testHomePage" name="checkMenuTestimonialsLink" time="3.207"/>
  <testcase classname="vbDumplingTestRunners.testHomePage" name="checkMenuAboutLink" time="1.331"/>
  <testcase classname="vbDumplingTestRunners.testHomePage" name="checkLHSHeaderText" time="0.714"/>
  <testcase classname="vbDumplingTestRunners.testHomePage" name="checkMenuOrderLink" time="4.921"/>
  <testcase classname="vbDumplingTestRunners.testHomePage" name="checkBodyOrderNowLink" time="1.611"/>
</testsuite> <!-- HomePageTest_Chrome -->
